<?xml version="1.0" encoding="utf-8" standalone="no"?>
<!--This file represents the results of running a test suite-->
<test-results name="C:\Users\Peter\Documents\Visual Studio 2015\Projects\GAAClubAppP7\GAAClubAppP7.Test\bin\Debug\GAAClubAppP7.Test.dll" total="17" errors="0" failures="0" not-run="0" inconclusive="0" ignored="0" skipped="0" invalid="0" date="2016-03-19" time="13:45:20">
  <environment nunit-version="2.6.4.14350" clr-version="2.0.50727.5485" os-version="Microsoft Windows NT 6.1.7601 Service Pack 1" platform="Win32NT" cwd="C:\Program Files (x86)\NUnit 2.6.4\bin" machine-name="PETER-PC" user="Peter" user-domain="Peter-PC" />
  <culture-info current-culture="en-GB" current-uiculture="en-US" />
  <test-suite type="Assembly" name="C:\Users\Peter\Documents\Visual Studio 2015\Projects\GAAClubAppP7\GAAClubAppP7.Test\bin\Debug\GAAClubAppP7.Test.dll" executed="True" result="Success" success="True" time="0.090" asserts="0">
    <results>
      <test-suite type="Namespace" name="GAAClubAppP7" executed="True" result="Success" success="True" time="0.090" asserts="0">
        <results>
          <test-suite type="Namespace" name="Test" executed="True" result="Success" success="True" time="0.090" asserts="0">
            <results>
              <test-suite type="TestFixture" name="Test1" executed="True" result="Success" success="True" time="0.089" asserts="0">
                <results>
                  <test-case name="GAAClubAppP7.Test.Test1.getMaxAgeTest" executed="True" result="Success" success="True" time="0.000" asserts="1" />
                  <test-case name="GAAClubAppP7.Test.Test1.getMaxDistTest" executed="True" result="Success" success="True" time="0.000" asserts="1" />
                  <test-case name="GAAClubAppP7.Test.Test1.getMaxHeightTest" executed="True" result="Success" success="True" time="0.000" asserts="1" />
                  <test-case name="GAAClubAppP7.Test.Test1.getMaxSpeedTest" executed="True" result="Success" success="True" time="0.000" asserts="1" />
                  <test-case name="GAAClubAppP7.Test.Test1.getMeanAgeTest" executed="True" result="Success" success="True" time="0.000" asserts="1" />
                  <test-case name="GAAClubAppP7.Test.Test1.getMeanDistTest" executed="True" result="Success" success="True" time="0.000" asserts="1" />
                  <test-case name="GAAClubAppP7.Test.Test1.getMeanHeightTest" executed="True" result="Success" success="True" time="0.000" asserts="1" />
                  <test-case name="GAAClubAppP7.Test.Test1.getMeanSpeedTest" executed="True" result="Success" success="True" time="0.000" asserts="1" />
                  <test-case name="GAAClubAppP7.Test.Test1.getMinAgeTest" executed="True" result="Success" success="True" time="0.000" asserts="1" />
                  <test-case name="GAAClubAppP7.Test.Test1.getMinDistTest" executed="True" result="Success" success="True" time="0.000" asserts="1" />
                  <test-case name="GAAClubAppP7.Test.Test1.getMinHeightTest" executed="True" result="Success" success="True" time="0.000" asserts="1" />
                  <test-case name="GAAClubAppP7.Test.Test1.getMinSpeedTest" executed="True" result="Success" success="True" time="0.000" asserts="1" />
                  <test-case name="GAAClubAppP7.Test.Test1.validateATest" executed="True" result="Success" success="True" time="0.000" asserts="1" />
                  <test-case name="GAAClubAppP7.Test.Test1.validateDTest" executed="True" result="Success" success="True" time="0.000" asserts="1" />
                  <test-case name="GAAClubAppP7.Test.Test1.validateHTest" executed="True" result="Success" success="True" time="0.000" asserts="1" />
                  <test-case name="GAAClubAppP7.Test.Test1.validateSTest" executed="True" result="Success" success="True" time="0.000" asserts="1" />
                  <test-case name="GAAClubAppP7.Test.Test1.validateSTest2" executed="True" result="Success" success="True" time="0.000" asserts="1" />
                </results>
              </test-suite>
            </results>
          </test-suite>
        </results>
      </test-suite>
    </results>
  </test-suite>
</test-results>